<?xml version="1.0" encoding="UTF-8" ?>
<testsuite tests="13" failures="0" name="RomanNumeralsTest" time="0.004" errors="0" skipped="0">
  <properties>
    <property name="java.runtime.name" value="OpenJDK Runtime Environment"/>
    <property name="java.vm.version" value="11+28"/>
    <property name="sun.boot.library.path" value="C:\Users\aldo.lushkja\Desktop\software\oracle\jdk-11\bin"/>
    <property name="maven.multiModuleProjectDirectory" value="C:/Users/aldo.lushkja/Desktop/development/j8/ArabicToRomans"/>
    <property name="java.vm.vendor" value="Oracle Corporation"/>
    <property name="java.vendor.url" value="http://java.oracle.com/"/>
    <property name="guice.disable.misplaced.annotation.check" value="true"/>
    <property name="path.separator" value=";"/>
    <property name="java.vm.name" value="OpenJDK 64-Bit Server VM"/>
    <property name="sun.os.patch.level" value=""/>
    <property name="user.script" value=""/>
    <property name="user.country" value="IT"/>
    <property name="sun.java.launcher" value="SUN_STANDARD"/>
    <property name="java.vm.specification.name" value="Java Virtual Machine Specification"/>
    <property name="user.dir" value="C:\Users\aldo.lushkja\Desktop\development\j8\ArabicToRomans"/>
    <property name="java.vm.compressedOopsMode" value="Zero based"/>
    <property name="java.runtime.version" value="11+28"/>
    <property name="java.awt.graphicsenv" value="sun.awt.Win32GraphicsEnvironment"/>
    <property name="os.arch" value="amd64"/>
    <property name="java.io.tmpdir" value="C:\Users\ALDO~1.LUS\AppData\Local\Temp\"/>
    <property name="line.separator" value="
"/>
    <property name="java.vm.specification.vendor" value="Oracle Corporation"/>
    <property name="user.variant" value=""/>
    <property name="os.name" value="Windows 10"/>
    <property name="classworlds.conf" value="C:/Users/aldo.lushkja/Desktop/software/apache/apache-maven-3.6.2/bin/m2.conf"/>
    <property name="sun.jnu.encoding" value="Cp1252"/>
    <property name="java.library.path" value="C:\Users\aldo.lushkja\Desktop\software\oracle\jdk-11\bin;C:\Windows\Sun\Java\bin;C:\Windows\system32;C:\Windows;C:\Program Files\Git\mingw64\bin;C:\Program Files\Git\usr\bin;C:\Users\aldo.lushkja\bin;C:\Windows\system32;C:\Windows;C:\Windows\System32\Wbem;C:\Windows\System32\WindowsPowerShell\v1.0;C:\Windows\System32\OpenSSH;C:\Program Files\Git\cmd;C:\Users\aldo.lushkja\AppData\Local\Microsoft\WindowsApps;C:\Users\aldo.lushkja\AppData\Local\Programs\Microsoft VS Code\bin;C:\Program Files\JetBrains\DataGrip 2019.2.5\bin;C:\Users\aldo.lushkja\Desktop\software\apache\apache-maven-3.6.2\bin;C:\Users\aldo.lushkja\Desktop\software\oracle\jdk-11\bin;."/>
    <property name="maven.conf" value="C:/Users/aldo.lushkja/Desktop/software/apache/apache-maven-3.6.2/conf"/>
    <property name="jdk.debug" value="release"/>
    <property name="java.class.version" value="55.0"/>
    <property name="java.specification.name" value="Java Platform API Specification"/>
    <property name="sun.management.compiler" value="HotSpot 64-Bit Tiered Compilers"/>
    <property name="os.version" value="10.0"/>
    <property name="library.jansi.path" value="C:/Users/aldo.lushkja/Desktop/software/apache/apache-maven-3.6.2/lib/jansi-native"/>
    <property name="user.home" value="C:\Users\aldo.lushkja"/>
    <property name="user.timezone" value="Europe/Berlin"/>
    <property name="java.awt.printerjob" value="sun.awt.windows.WPrinterJob"/>
    <property name="file.encoding" value="Cp1252"/>
    <property name="java.specification.version" value="11"/>
    <property name="user.name" value="aldo.lushkja"/>
    <property name="java.class.path" value="C:/Users/aldo.lushkja/Desktop/software/apache/apache-maven-3.6.2/boot/plexus-classworlds-2.6.0.jar"/>
    <property name="java.vm.specification.version" value="11"/>
    <property name="sun.arch.data.model" value="64"/>
    <property name="sun.java.command" value="org.codehaus.plexus.classworlds.launcher.Launcher clean install"/>
    <property name="java.home" value="C:\Users\aldo.lushkja\Desktop\software\oracle\jdk-11"/>
    <property name="user.language" value="it"/>
    <property name="java.specification.vendor" value="Oracle Corporation"/>
    <property name="awt.toolkit" value="sun.awt.windows.WToolkit"/>
    <property name="java.vm.info" value="mixed mode"/>
    <property name="java.version" value="11"/>
    <property name="java.vendor" value="Oracle Corporation"/>
    <property name="sun.stderr.encoding" value="cp850"/>
    <property name="maven.home" value="C:\Users\aldo.lushkja\Desktop\software\apache\apache-maven-3.6.2"/>
    <property name="file.separator" value="\"/>
    <property name="java.version.date" value="2018-09-25"/>
    <property name="java.vendor.url.bug" value="http://bugreport.java.com/bugreport/"/>
    <property name="sun.io.unicode.encoding" value="UnicodeLittle"/>
    <property name="sun.cpu.endian" value="little"/>
    <property name="java.vendor.version" value="18.9"/>
    <property name="sun.stdout.encoding" value="cp850"/>
    <property name="sun.desktop" value="windows"/>
    <property name="sun.cpu.isalist" value="amd64"/>
  </properties>
  <testcase classname="RomanNumeralsTest" name="_40_and_50" time="0.003"/>
  <testcase classname="RomanNumeralsTest" name="oneTwoThreeRepeatIt" time="0"/>
  <testcase classname="RomanNumeralsTest" name="oneTwo" time="0"/>
  <testcase classname="RomanNumeralsTest" name="nineIsXPrefixedByI" time="0.001"/>
  <testcase classname="RomanNumeralsTest" name="_1000_and_900" time="0"/>
  <testcase classname="RomanNumeralsTest" name="one" time="0"/>
  <testcase classname="RomanNumeralsTest" name="six" time="0"/>
  <testcase classname="RomanNumeralsTest" name="ten" time="0"/>
  <testcase classname="RomanNumeralsTest" name="five" time="0"/>
  <testcase classname="RomanNumeralsTest" name="four" time="0"/>
  <testcase classname="RomanNumeralsTest" name="seven" time="0"/>
  <testcase classname="RomanNumeralsTest" name="_100_and_400" time="0"/>
  <testcase classname="RomanNumeralsTest" name="randomNumber_2019" time="0"/>
</testsuite>